/home/ars/ros2-labs-sem8/workspace/install/my_turtle_controller/lib/python3.12/site-packages/my_turtle_controller/__init__.py
/home/ars/ros2-labs-sem8/workspace/install/my_turtle_controller/lib/python3.12/site-packages/my_turtle_controller/calc.py
/home/ars/ros2-labs-sem8/workspace/install/my_turtle_controller/lib/python3.12/site-packages/my_turtle_controller/turtle_pose_follow.py
/home/ars/ros2-labs-sem8/workspace/install/my_turtle_controller/lib/python3.12/site-packages/my_turtle_controller/turtle_8.py
/home/ars/ros2-labs-sem8/workspace/install/my_turtle_controller/lib/python3.12/site-packages/my_turtle_controller/turtle_var3.py
/home/ars/ros2-labs-sem8/workspace/install/my_turtle_controller/lib/python3.12/site-packages/my_turtle_controller/turtle_mover.py
/home/ars/ros2-labs-sem8/workspace/install/my_turtle_controller/lib/python3.12/site-packages/my_turtle_controller/__pycache__/__init__.cpython-312.pyc
/home/ars/ros2-labs-sem8/workspace/install/my_turtle_controller/lib/python3.12/site-packages/my_turtle_controller/__pycache__/calc.cpython-312.pyc
/home/ars/ros2-labs-sem8/workspace/install/my_turtle_controller/lib/python3.12/site-packages/my_turtle_controller/__pycache__/turtle_pose_follow.cpython-312.pyc
/home/ars/ros2-labs-sem8/workspace/install/my_turtle_controller/lib/python3.12/site-packages/my_turtle_controller/__pycache__/turtle_8.cpython-312.pyc
/home/ars/ros2-labs-sem8/workspace/install/my_turtle_controller/lib/python3.12/site-packages/my_turtle_controller/__pycache__/turtle_var3.cpython-312.pyc
/home/ars/ros2-labs-sem8/workspace/install/my_turtle_controller/lib/python3.12/site-packages/my_turtle_controller/__pycache__/turtle_mover.cpython-312.pyc
/home/ars/ros2-labs-sem8/workspace/install/my_turtle_controller/share/ament_index/resource_index/packages/my_turtle_controller
/home/ars/ros2-labs-sem8/workspace/install/my_turtle_controller/share/my_turtle_controller/package.xml
/home/ars/ros2-labs-sem8/workspace/install/my_turtle_controller/lib/python3.12/site-packages/my_turtle_controller-0.0.0-py3.12.egg-info/PKG-INFO
/home/ars/ros2-labs-sem8/workspace/install/my_turtle_controller/lib/python3.12/site-packages/my_turtle_controller-0.0.0-py3.12.egg-info/requires.txt
/home/ars/ros2-labs-sem8/workspace/install/my_turtle_controller/lib/python3.12/site-packages/my_turtle_controller-0.0.0-py3.12.egg-info/entry_points.txt
/home/ars/ros2-labs-sem8/workspace/install/my_turtle_controller/lib/python3.12/site-packages/my_turtle_controller-0.0.0-py3.12.egg-info/zip-safe
/home/ars/ros2-labs-sem8/workspace/install/my_turtle_controller/lib/python3.12/site-packages/my_turtle_controller-0.0.0-py3.12.egg-info/top_level.txt
/home/ars/ros2-labs-sem8/workspace/install/my_turtle_controller/lib/python3.12/site-packages/my_turtle_controller-0.0.0-py3.12.egg-info/dependency_links.txt
/home/ars/ros2-labs-sem8/workspace/install/my_turtle_controller/lib/python3.12/site-packages/my_turtle_controller-0.0.0-py3.12.egg-info/SOURCES.txt
/home/ars/ros2-labs-sem8/workspace/install/my_turtle_controller/lib/my_turtle_controller/turtle_8
/home/ars/ros2-labs-sem8/workspace/install/my_turtle_controller/lib/my_turtle_controller/turtle_mover
/home/ars/ros2-labs-sem8/workspace/install/my_turtle_controller/lib/my_turtle_controller/turtle_pose
/home/ars/ros2-labs-sem8/workspace/install/my_turtle_controller/lib/my_turtle_controller/turtle_var3
