[0.070s] DEBUG:colcon:Command line arguments: ['/usr/bin/colcon', 'build', '--packages-select', 'my_turtle_controller']
[0.070s] DEBUG:colcon:Parsed command line arguments: Namespace(log_base=None, log_level=None, verb_name='build', build_base='build', install_base='install', merge_install=False, symlink_install=False, test_result_base=None, continue_on_error=False, executor='parallel', parallel_workers=16, event_handlers=None, ignore_user_meta=False, metas=['./colcon.meta'], base_paths=['.'], packages_ignore=None, packages_ignore_regex=None, paths=None, packages_up_to=None, packages_up_to_regex=None, packages_above=None, packages_above_and_dependencies=None, packages_above_depth=None, packages_select_by_dep=None, packages_skip_by_dep=None, packages_skip_up_to=None, packages_select_build_failed=False, packages_skip_build_finished=False, packages_select_test_failures=False, packages_skip_test_passed=False, packages_select=['my_turtle_controller'], packages_skip=None, packages_select_regex=None, packages_skip_regex=None, packages_start=None, packages_end=None, allow_overriding=[], cmake_args=None, cmake_target=None, cmake_target_skip_unavailable=False, cmake_clean_cache=False, cmake_clean_first=False, cmake_force_configure=False, ament_cmake_args=None, catkin_cmake_args=None, catkin_skip_building_tests=False, mixin_files=None, mixin=None, verb_parser=<colcon_mixin.mixin.mixin_argument.MixinArgumentDecorator object at 0x712e30197140>, verb_extension=<colcon_core.verb.build.BuildVerb object at 0x712e31196540>, main=<bound method BuildVerb.main of <colcon_core.verb.build.BuildVerb object at 0x712e31196540>>, mixin_verb=('build',))
[0.095s] Level 1:colcon.colcon_core.package_discovery:discover_packages(colcon_meta) check parameters
[0.095s] Level 1:colcon.colcon_core.package_discovery:discover_packages(recursive) check parameters
[0.095s] Level 1:colcon.colcon_core.package_discovery:discover_packages(ignore) check parameters
[0.095s] Level 1:colcon.colcon_core.package_discovery:discover_packages(path) check parameters
[0.095s] Level 1:colcon.colcon_core.package_discovery:discover_packages(colcon_meta) discover
[0.095s] Level 1:colcon.colcon_core.package_discovery:discover_packages(recursive) discover
[0.095s] INFO:colcon.colcon_core.package_discovery:Crawling recursively for packages in '/home/ars/ros2-labs-sem8/workspace'
[0.095s] Level 1:colcon.colcon_core.package_identification:_identify(.) by extensions ['ignore', 'ignore_ament_install']
[0.095s] Level 1:colcon.colcon_core.package_identification:_identify(.) by extension 'ignore'
[0.095s] Level 1:colcon.colcon_core.package_identification:_identify(.) by extension 'ignore_ament_install'
[0.095s] Level 1:colcon.colcon_core.package_identification:_identify(.) by extensions ['colcon_pkg']
[0.095s] Level 1:colcon.colcon_core.package_identification:_identify(.) by extension 'colcon_pkg'
[0.095s] Level 1:colcon.colcon_core.package_identification:_identify(.) by extensions ['colcon_meta']
[0.095s] Level 1:colcon.colcon_core.package_identification:_identify(.) by extension 'colcon_meta'
[0.095s] Level 1:colcon.colcon_core.package_identification:_identify(.) by extensions ['ros']
[0.095s] Level 1:colcon.colcon_core.package_identification:_identify(.) by extension 'ros'
[0.111s] Level 1:colcon.colcon_core.package_identification:_identify(.) by extensions ['cmake', 'python']
[0.111s] Level 1:colcon.colcon_core.package_identification:_identify(.) by extension 'cmake'
[0.111s] Level 1:colcon.colcon_core.package_identification:_identify(.) by extension 'python'
[0.111s] Level 1:colcon.colcon_core.package_identification:_identify(.) by extensions ['python_setup_py']
[0.111s] Level 1:colcon.colcon_core.package_identification:_identify(.) by extension 'python_setup_py'
[0.111s] Level 1:colcon.colcon_core.package_identification:_identify(build) by extensions ['ignore', 'ignore_ament_install']
[0.111s] Level 1:colcon.colcon_core.package_identification:_identify(build) by extension 'ignore'
[0.111s] Level 1:colcon.colcon_core.package_identification:_identify(build) ignored
[0.111s] Level 1:colcon.colcon_core.package_identification:_identify(install) by extensions ['ignore', 'ignore_ament_install']
[0.112s] Level 1:colcon.colcon_core.package_identification:_identify(install) by extension 'ignore'
[0.112s] Level 1:colcon.colcon_core.package_identification:_identify(install) ignored
[0.112s] Level 1:colcon.colcon_core.package_identification:_identify(log) by extensions ['ignore', 'ignore_ament_install']
[0.112s] Level 1:colcon.colcon_core.package_identification:_identify(log) by extension 'ignore'
[0.112s] Level 1:colcon.colcon_core.package_identification:_identify(log) ignored
[0.112s] Level 1:colcon.colcon_core.package_identification:_identify(src) by extensions ['ignore', 'ignore_ament_install']
[0.112s] Level 1:colcon.colcon_core.package_identification:_identify(src) by extension 'ignore'
[0.112s] Level 1:colcon.colcon_core.package_identification:_identify(src) by extension 'ignore_ament_install'
[0.112s] Level 1:colcon.colcon_core.package_identification:_identify(src) by extensions ['colcon_pkg']
[0.112s] Level 1:colcon.colcon_core.package_identification:_identify(src) by extension 'colcon_pkg'
[0.112s] Level 1:colcon.colcon_core.package_identification:_identify(src) by extensions ['colcon_meta']
[0.112s] Level 1:colcon.colcon_core.package_identification:_identify(src) by extension 'colcon_meta'
[0.112s] Level 1:colcon.colcon_core.package_identification:_identify(src) by extensions ['ros']
[0.112s] Level 1:colcon.colcon_core.package_identification:_identify(src) by extension 'ros'
[0.112s] Level 1:colcon.colcon_core.package_identification:_identify(src) by extensions ['cmake', 'python']
[0.112s] Level 1:colcon.colcon_core.package_identification:_identify(src) by extension 'cmake'
[0.112s] Level 1:colcon.colcon_core.package_identification:_identify(src) by extension 'python'
[0.112s] Level 1:colcon.colcon_core.package_identification:_identify(src) by extensions ['python_setup_py']
[0.112s] Level 1:colcon.colcon_core.package_identification:_identify(src) by extension 'python_setup_py'
[0.112s] Level 1:colcon.colcon_core.package_identification:_identify(src/my_turtle_controller) by extensions ['ignore', 'ignore_ament_install']
[0.112s] Level 1:colcon.colcon_core.package_identification:_identify(src/my_turtle_controller) by extension 'ignore'
[0.112s] Level 1:colcon.colcon_core.package_identification:_identify(src/my_turtle_controller) by extension 'ignore_ament_install'
[0.112s] Level 1:colcon.colcon_core.package_identification:_identify(src/my_turtle_controller) by extensions ['colcon_pkg']
[0.112s] Level 1:colcon.colcon_core.package_identification:_identify(src/my_turtle_controller) by extension 'colcon_pkg'
[0.112s] Level 1:colcon.colcon_core.package_identification:_identify(src/my_turtle_controller) by extensions ['colcon_meta']
[0.112s] Level 1:colcon.colcon_core.package_identification:_identify(src/my_turtle_controller) by extension 'colcon_meta'
[0.112s] Level 1:colcon.colcon_core.package_identification:_identify(src/my_turtle_controller) by extensions ['ros']
[0.112s] Level 1:colcon.colcon_core.package_identification:_identify(src/my_turtle_controller) by extension 'ros'
[0.114s] DEBUG:colcon.colcon_core.package_identification:Package 'src/my_turtle_controller' with type 'ros.ament_python' and name 'my_turtle_controller'
[0.114s] Level 1:colcon.colcon_core.package_discovery:discover_packages(recursive) using defaults
[0.114s] Level 1:colcon.colcon_core.package_discovery:discover_packages(ignore) discover
[0.114s] Level 1:colcon.colcon_core.package_discovery:discover_packages(ignore) using defaults
[0.114s] Level 1:colcon.colcon_core.package_discovery:discover_packages(path) discover
[0.114s] Level 1:colcon.colcon_core.package_discovery:discover_packages(path) using defaults
[0.125s] Level 1:colcon.colcon_core.package_discovery:discover_packages(prefix_path) check parameters
[0.125s] Level 1:colcon.colcon_core.package_discovery:discover_packages(prefix_path) discover
[0.127s] DEBUG:colcon.colcon_installed_package_information.package_discovery:Found 286 installed packages in /opt/ros/jazzy
[0.128s] Level 1:colcon.colcon_core.package_discovery:discover_packages(prefix_path) using defaults
[0.152s] Level 5:colcon.colcon_core.verb:set package 'my_turtle_controller' build argument 'cmake_args' from command line to 'None'
[0.152s] Level 5:colcon.colcon_core.verb:set package 'my_turtle_controller' build argument 'cmake_target' from command line to 'None'
[0.152s] Level 5:colcon.colcon_core.verb:set package 'my_turtle_controller' build argument 'cmake_target_skip_unavailable' from command line to 'False'
[0.152s] Level 5:colcon.colcon_core.verb:set package 'my_turtle_controller' build argument 'cmake_clean_cache' from command line to 'False'
[0.152s] Level 5:colcon.colcon_core.verb:set package 'my_turtle_controller' build argument 'cmake_clean_first' from command line to 'False'
[0.152s] Level 5:colcon.colcon_core.verb:set package 'my_turtle_controller' build argument 'cmake_force_configure' from command line to 'False'
[0.152s] Level 5:colcon.colcon_core.verb:set package 'my_turtle_controller' build argument 'ament_cmake_args' from command line to 'None'
[0.152s] Level 5:colcon.colcon_core.verb:set package 'my_turtle_controller' build argument 'catkin_cmake_args' from command line to 'None'
[0.152s] Level 5:colcon.colcon_core.verb:set package 'my_turtle_controller' build argument 'catkin_skip_building_tests' from command line to 'False'
[0.152s] DEBUG:colcon.colcon_core.verb:Building package 'my_turtle_controller' with the following arguments: {'ament_cmake_args': None, 'build_base': '/home/ars/ros2-labs-sem8/workspace/build/my_turtle_controller', 'catkin_cmake_args': None, 'catkin_skip_building_tests': False, 'cmake_args': None, 'cmake_clean_cache': False, 'cmake_clean_first': False, 'cmake_force_configure': False, 'cmake_target': None, 'cmake_target_skip_unavailable': False, 'install_base': '/home/ars/ros2-labs-sem8/workspace/install/my_turtle_controller', 'merge_install': False, 'path': '/home/ars/ros2-labs-sem8/workspace/src/my_turtle_controller', 'symlink_install': False, 'test_result_base': None}
[0.152s] INFO:colcon.colcon_core.executor:Executing jobs using 'parallel' executor
[0.152s] DEBUG:colcon.colcon_parallel_executor.executor.parallel:run_until_complete
[0.153s] INFO:colcon.colcon_ros.task.ament_python.build:Building ROS package in '/home/ars/ros2-labs-sem8/workspace/src/my_turtle_controller' with build type 'ament_python'
[0.153s] Level 1:colcon.colcon_core.shell:create_environment_hook('my_turtle_controller', 'ament_prefix_path')
[0.154s] INFO:colcon.colcon_core.plugin_system:Skipping extension 'colcon_core.shell.bat': Not used on non-Windows systems
[0.154s] INFO:colcon.colcon_core.shell:Creating environment hook '/home/ars/ros2-labs-sem8/workspace/install/my_turtle_controller/share/my_turtle_controller/hook/ament_prefix_path.ps1'
[0.154s] INFO:colcon.colcon_core.shell:Creating environment descriptor '/home/ars/ros2-labs-sem8/workspace/install/my_turtle_controller/share/my_turtle_controller/hook/ament_prefix_path.dsv'
[0.154s] INFO:colcon.colcon_core.shell:Creating environment hook '/home/ars/ros2-labs-sem8/workspace/install/my_turtle_controller/share/my_turtle_controller/hook/ament_prefix_path.sh'
[0.155s] INFO:colcon.colcon_core.shell:Skip shell extension 'powershell' for command environment: Not usable outside of PowerShell
[0.155s] DEBUG:colcon.colcon_core.shell:Skip shell extension 'dsv' for command environment
[0.278s] INFO:colcon.colcon_core.task.python.build:Building Python package in '/home/ars/ros2-labs-sem8/workspace/src/my_turtle_controller'
[0.279s] INFO:colcon.colcon_core.shell:Skip shell extension 'powershell' for command environment: Not usable outside of PowerShell
[0.279s] DEBUG:colcon.colcon_core.shell:Skip shell extension 'dsv' for command environment
[0.607s] DEBUG:colcon.colcon_core.event_handler.log_command:Invoking command in '/home/ars/ros2-labs-sem8/workspace/src/my_turtle_controller': DEBUGINFOD_URLS=https://debuginfod.ubuntu.com PYTHONPATH=/home/ars/ros2-labs-sem8/workspace/build/my_turtle_controller/prefix_override:/usr/lib/python3/dist-packages/colcon_core/task/python/colcon_distutils_commands:/home/ars/ros2-labs-sem8/workspace/install/my_turtle_controller/lib/python3.12/site-packages:${PYTHONPATH} /usr/bin/python3 -W ignore:setup.py install is deprecated -W ignore:easy_install command is deprecated setup.py egg_info --egg-base ../../build/my_turtle_controller build --build-base /home/ars/ros2-labs-sem8/workspace/build/my_turtle_controller/build install --record /home/ars/ros2-labs-sem8/workspace/build/my_turtle_controller/install.log --single-version-externally-managed install_data
[0.872s] DEBUG:colcon.colcon_core.event_handler.log_command:Invoked command in '/home/ars/ros2-labs-sem8/workspace/src/my_turtle_controller' returned '0': DEBUGINFOD_URLS=https://debuginfod.ubuntu.com PYTHONPATH=/home/ars/ros2-labs-sem8/workspace/build/my_turtle_controller/prefix_override:/usr/lib/python3/dist-packages/colcon_core/task/python/colcon_distutils_commands:/home/ars/ros2-labs-sem8/workspace/install/my_turtle_controller/lib/python3.12/site-packages:${PYTHONPATH} /usr/bin/python3 -W ignore:setup.py install is deprecated -W ignore:easy_install command is deprecated setup.py egg_info --egg-base ../../build/my_turtle_controller build --build-base /home/ars/ros2-labs-sem8/workspace/build/my_turtle_controller/build install --record /home/ars/ros2-labs-sem8/workspace/build/my_turtle_controller/install.log --single-version-externally-managed install_data
[0.873s] Level 1:colcon.colcon_core.environment:checking '/home/ars/ros2-labs-sem8/workspace/install/my_turtle_controller' for CMake module files
[0.873s] Level 1:colcon.colcon_core.environment:checking '/home/ars/ros2-labs-sem8/workspace/install/my_turtle_controller' for CMake config files
[0.874s] Level 1:colcon.colcon_core.environment:checking '/home/ars/ros2-labs-sem8/workspace/install/my_turtle_controller/lib'
[0.874s] Level 1:colcon.colcon_core.environment:checking '/home/ars/ros2-labs-sem8/workspace/install/my_turtle_controller/bin'
[0.874s] Level 1:colcon.colcon_core.environment:checking '/home/ars/ros2-labs-sem8/workspace/install/my_turtle_controller/lib/pkgconfig/my_turtle_controller.pc'
[0.874s] Level 1:colcon.colcon_core.environment:checking '/home/ars/ros2-labs-sem8/workspace/install/my_turtle_controller/lib/python3.12/site-packages'
[0.874s] Level 1:colcon.colcon_core.shell:create_environment_hook('my_turtle_controller', 'pythonpath')
[0.874s] INFO:colcon.colcon_core.shell:Creating environment hook '/home/ars/ros2-labs-sem8/workspace/install/my_turtle_controller/share/my_turtle_controller/hook/pythonpath.ps1'
[0.874s] INFO:colcon.colcon_core.shell:Creating environment descriptor '/home/ars/ros2-labs-sem8/workspace/install/my_turtle_controller/share/my_turtle_controller/hook/pythonpath.dsv'
[0.874s] INFO:colcon.colcon_core.shell:Creating environment hook '/home/ars/ros2-labs-sem8/workspace/install/my_turtle_controller/share/my_turtle_controller/hook/pythonpath.sh'
[0.875s] Level 1:colcon.colcon_core.environment:checking '/home/ars/ros2-labs-sem8/workspace/install/my_turtle_controller/bin'
[0.875s] Level 1:colcon.colcon_core.environment:create_environment_scripts_only(my_turtle_controller)
[0.875s] INFO:colcon.colcon_core.shell:Creating package script '/home/ars/ros2-labs-sem8/workspace/install/my_turtle_controller/share/my_turtle_controller/package.ps1'
[0.875s] INFO:colcon.colcon_core.shell:Creating package descriptor '/home/ars/ros2-labs-sem8/workspace/install/my_turtle_controller/share/my_turtle_controller/package.dsv'
[0.876s] INFO:colcon.colcon_core.shell:Creating package script '/home/ars/ros2-labs-sem8/workspace/install/my_turtle_controller/share/my_turtle_controller/package.sh'
[0.876s] INFO:colcon.colcon_core.shell:Creating package script '/home/ars/ros2-labs-sem8/workspace/install/my_turtle_controller/share/my_turtle_controller/package.bash'
[0.876s] INFO:colcon.colcon_core.shell:Creating package script '/home/ars/ros2-labs-sem8/workspace/install/my_turtle_controller/share/my_turtle_controller/package.zsh'
[0.877s] Level 1:colcon.colcon_core.environment:create_file_with_runtime_dependencies(/home/ars/ros2-labs-sem8/workspace/install/my_turtle_controller/share/colcon-core/packages/my_turtle_controller)
[0.877s] DEBUG:colcon.colcon_parallel_executor.executor.parallel:closing loop
[0.877s] DEBUG:colcon.colcon_parallel_executor.executor.parallel:loop closed
[0.877s] DEBUG:colcon.colcon_parallel_executor.executor.parallel:run_until_complete finished with '0'
[0.877s] DEBUG:colcon.colcon_core.event_reactor:joining thread
[0.880s] INFO:colcon.colcon_core.plugin_system:Skipping extension 'colcon_notification.desktop_notification.terminal_notifier': Not used on non-Darwin systems
[0.880s] INFO:colcon.colcon_core.plugin_system:Skipping extension 'colcon_notification.desktop_notification.win32': Not used on non-Windows systems
[0.880s] INFO:colcon.colcon_notification.desktop_notification:Sending desktop notification using 'notify2'
[25.905s] DEBUG:colcon.colcon_notification.desktop_notification.notify2:Failed to initialize notify2: org.freedesktop.DBus.Error.NoReply: Did not receive a reply. Possible causes include: the remote application did not send a reply, the message bus security policy blocked the reply, the reply timeout expired, or the network connection was broken.
[25.905s] DEBUG:colcon.colcon_core.event_reactor:joined thread
[25.905s] INFO:colcon.colcon_core.shell:Creating prefix script '/home/ars/ros2-labs-sem8/workspace/install/local_setup.ps1'
[25.906s] INFO:colcon.colcon_core.shell:Creating prefix util module '/home/ars/ros2-labs-sem8/workspace/install/_local_setup_util_ps1.py'
[25.906s] INFO:colcon.colcon_core.shell:Creating prefix chain script '/home/ars/ros2-labs-sem8/workspace/install/setup.ps1'
[25.907s] INFO:colcon.colcon_core.shell:Creating prefix script '/home/ars/ros2-labs-sem8/workspace/install/local_setup.sh'
[25.907s] INFO:colcon.colcon_core.shell:Creating prefix util module '/home/ars/ros2-labs-sem8/workspace/install/_local_setup_util_sh.py'
[25.907s] INFO:colcon.colcon_core.shell:Creating prefix chain script '/home/ars/ros2-labs-sem8/workspace/install/setup.sh'
[25.908s] INFO:colcon.colcon_core.shell:Creating prefix script '/home/ars/ros2-labs-sem8/workspace/install/local_setup.bash'
[25.908s] INFO:colcon.colcon_core.shell:Creating prefix chain script '/home/ars/ros2-labs-sem8/workspace/install/setup.bash'
[25.908s] INFO:colcon.colcon_core.shell:Creating prefix script '/home/ars/ros2-labs-sem8/workspace/install/local_setup.zsh'
[25.914s] INFO:colcon.colcon_core.shell:Creating prefix chain script '/home/ars/ros2-labs-sem8/workspace/install/setup.zsh'
